2022-03-10 18:46:39,206 INFO org.springframework.boot.StartupInfoLogger [main] Starting RecruiterwebappApplication using Java 17.0.1 on Admins-MBP with PID 91588 (/Users/admin/Desktop/A&D/recruitment-application-recruiter-front/target/classes started by Vera in /Users/admin/Desktop/A&D/recruitment-application-recruiter-front)
2022-03-10 18:46:39,215 INFO org.springframework.boot.SpringApplication [main] No active profile set, falling back to default profiles: default
2022-03-10 18:46:40,478 DEBUG org.springframework.web.filter.GenericFilterBean [main] Filter 'logFilter' configured for use
2022-03-10 18:46:41,117 INFO org.springframework.boot.StartupInfoLogger [main] Started RecruiterwebappApplication in 2.728 seconds (JVM running for 4.559)
2022-03-10 18:46:52,162 DEBUG org.springframework.web.filter.CommonsRequestLoggingFilter [http-nio-8000-exec-1] Before request [GET /, client=0:0:0:0:0:0:0:1]
2022-03-10 18:46:52,198 INFO com.iv1201.recruiterwebapp.recruiterwebapp.controller.IndexController [http-nio-8000-exec-1] Client not authenticated in "home" - redirected to log in
2022-03-10 18:46:52,214 DEBUG org.springframework.web.filter.CommonsRequestLoggingFilter [http-nio-8000-exec-1] REQUEST DATA : GET /, client=0:0:0:0:0:0:0:1]
2022-03-10 18:46:52,229 DEBUG org.springframework.web.filter.CommonsRequestLoggingFilter [http-nio-8000-exec-2] Before request [GET /login, client=0:0:0:0:0:0:0:1]
2022-03-10 18:46:52,527 DEBUG org.springframework.web.filter.CommonsRequestLoggingFilter [http-nio-8000-exec-2] REQUEST DATA : GET /login, client=0:0:0:0:0:0:0:1]
2022-03-10 18:46:52,636 DEBUG org.springframework.web.filter.CommonsRequestLoggingFilter [http-nio-8000-exec-3] Before request [GET /css/button.css, client=0:0:0:0:0:0:0:1]
2022-03-10 18:46:52,641 DEBUG org.springframework.web.filter.CommonsRequestLoggingFilter [http-nio-8000-exec-4] Before request [GET /css/main.css, client=0:0:0:0:0:0:0:1]
2022-03-10 18:46:52,645 DEBUG org.springframework.web.filter.CommonsRequestLoggingFilter [http-nio-8000-exec-5] Before request [GET /css/input.css, client=0:0:0:0:0:0:0:1]
2022-03-10 18:46:52,667 DEBUG org.springframework.web.filter.CommonsRequestLoggingFilter [http-nio-8000-exec-5] REQUEST DATA : GET /css/input.css, client=0:0:0:0:0:0:0:1]
2022-03-10 18:46:52,667 DEBUG org.springframework.web.filter.CommonsRequestLoggingFilter [http-nio-8000-exec-4] REQUEST DATA : GET /css/main.css, client=0:0:0:0:0:0:0:1]
2022-03-10 18:46:52,669 DEBUG org.springframework.web.filter.CommonsRequestLoggingFilter [http-nio-8000-exec-3] REQUEST DATA : GET /css/button.css, client=0:0:0:0:0:0:0:1]
2022-03-10 18:46:52,887 DEBUG org.springframework.web.filter.CommonsRequestLoggingFilter [http-nio-8000-exec-6] Before request [GET /favicon.ico, client=0:0:0:0:0:0:0:1]
2022-03-10 18:46:52,892 DEBUG org.springframework.web.filter.CommonsRequestLoggingFilter [http-nio-8000-exec-6] REQUEST DATA : GET /favicon.ico, client=0:0:0:0:0:0:0:1]
2022-03-10 18:46:59,522 DEBUG org.springframework.web.filter.CommonsRequestLoggingFilter [http-nio-8000-exec-7] Before request [POST /login, client=0:0:0:0:0:0:0:1]
2022-03-10 18:47:02,429 ERROR com.iv1201.recruiterwebapp.recruiterwebapp.controller.IndexController [http-nio-8000-exec-7] Message: Invalid username/password Ex: org.springframework.web.client.HttpClientErrorException$Forbidden: 403 : "{"message":"Authentication failed","errors":["Username not found"]}"
2022-03-10 18:47:02,433 DEBUG org.springframework.web.filter.CommonsRequestLoggingFilter [http-nio-8000-exec-7] REQUEST DATA : POST /login, client=0:0:0:0:0:0:0:1, payload=username=rec&password=rec]
2022-03-10 18:47:02,492 DEBUG org.springframework.web.filter.CommonsRequestLoggingFilter [http-nio-8000-exec-8] Before request [GET /css/main.css, client=0:0:0:0:0:0:0:1]
2022-03-10 18:47:02,495 DEBUG org.springframework.web.filter.CommonsRequestLoggingFilter [http-nio-8000-exec-8] REQUEST DATA : GET /css/main.css, client=0:0:0:0:0:0:0:1]
2022-03-10 18:47:02,502 DEBUG org.springframework.web.filter.CommonsRequestLoggingFilter [http-nio-8000-exec-9] Before request [GET /css/button.css, client=0:0:0:0:0:0:0:1]
2022-03-10 18:47:02,503 DEBUG org.springframework.web.filter.CommonsRequestLoggingFilter [http-nio-8000-exec-10] Before request [GET /css/input.css, client=0:0:0:0:0:0:0:1]
2022-03-10 18:47:02,504 DEBUG org.springframework.web.filter.CommonsRequestLoggingFilter [http-nio-8000-exec-9] REQUEST DATA : GET /css/button.css, client=0:0:0:0:0:0:0:1]
2022-03-10 18:47:02,505 DEBUG org.springframework.web.filter.CommonsRequestLoggingFilter [http-nio-8000-exec-10] REQUEST DATA : GET /css/input.css, client=0:0:0:0:0:0:0:1]
2022-03-10 18:48:58,384 DEBUG org.springframework.web.filter.CommonsRequestLoggingFilter [http-nio-8000-exec-4] Before request [POST /login, client=0:0:0:0:0:0:0:1]
2022-03-10 18:48:59,176 DEBUG org.springframework.web.filter.CommonsRequestLoggingFilter [http-nio-8000-exec-4] REQUEST DATA : POST /login, client=0:0:0:0:0:0:0:1, payload=username=rec&password=rec]
2022-03-10 18:48:59,184 DEBUG org.springframework.web.filter.CommonsRequestLoggingFilter [http-nio-8000-exec-3] Before request [GET /, client=0:0:0:0:0:0:0:1]
2022-03-10 18:48:59,632 ERROR com.iv1201.recruiterwebapp.recruiterwebapp.controller.GlobalControllerExceptionHandler [http-nio-8000-exec-3] Ex: org.springframework.web.client.HttpServerErrorException$InternalServerError: 500 : "{"message":"could not extract ResultSet; SQL [n/a]; nested exception is org.hibernate.exception.SQLGrammarException: could not extract ResultSet"}"
2022-03-10 18:48:59,634 DEBUG org.springframework.web.filter.CommonsRequestLoggingFilter [http-nio-8000-exec-3] REQUEST DATA : GET /, client=0:0:0:0:0:0:0:1]
2022-03-10 18:48:59,639 DEBUG org.springframework.web.filter.CommonsRequestLoggingFilter [http-nio-8000-exec-6] Before request [GET /error?message=Something+went+wrong, client=0:0:0:0:0:0:0:1]
2022-03-10 18:48:59,658 DEBUG org.springframework.web.filter.CommonsRequestLoggingFilter [http-nio-8000-exec-6] REQUEST DATA : GET /error?message=Something+went+wrong, client=0:0:0:0:0:0:0:1]
2022-03-10 18:48:59,795 DEBUG org.springframework.web.filter.CommonsRequestLoggingFilter [http-nio-8000-exec-7] Before request [GET /css/main.css, client=0:0:0:0:0:0:0:1]
2022-03-10 18:48:59,799 DEBUG org.springframework.web.filter.CommonsRequestLoggingFilter [http-nio-8000-exec-7] REQUEST DATA : GET /css/main.css, client=0:0:0:0:0:0:0:1]
2022-03-10 18:49:01,461 DEBUG org.springframework.web.filter.CommonsRequestLoggingFilter [http-nio-8000-exec-8] Before request [GET /, client=0:0:0:0:0:0:0:1]
2022-03-10 18:49:01,760 ERROR com.iv1201.recruiterwebapp.recruiterwebapp.controller.GlobalControllerExceptionHandler [http-nio-8000-exec-8] Ex: org.springframework.web.client.HttpServerErrorException$InternalServerError: 500 : "{"message":"could not extract ResultSet; SQL [n/a]; nested exception is org.hibernate.exception.SQLGrammarException: could not extract ResultSet"}"
2022-03-10 18:49:01,762 DEBUG org.springframework.web.filter.CommonsRequestLoggingFilter [http-nio-8000-exec-8] REQUEST DATA : GET /, client=0:0:0:0:0:0:0:1]
2022-03-10 18:49:01,768 DEBUG org.springframework.web.filter.CommonsRequestLoggingFilter [http-nio-8000-exec-9] Before request [GET /error?message=Something+went+wrong, client=0:0:0:0:0:0:0:1]
2022-03-10 18:49:01,771 DEBUG org.springframework.web.filter.CommonsRequestLoggingFilter [http-nio-8000-exec-9] REQUEST DATA : GET /error?message=Something+went+wrong, client=0:0:0:0:0:0:0:1]
